ARM GAS  C:\Users\ADMINI~1\AppData\Local\Temp\cc3ldiNU.s 			page 1


   1              		.cpu cortex-m4
   2              		.eabi_attribute 27, 1
   3              		.eabi_attribute 28, 1
   4              		.eabi_attribute 20, 1
   5              		.eabi_attribute 21, 1
   6              		.eabi_attribute 23, 3
   7              		.eabi_attribute 24, 1
   8              		.eabi_attribute 25, 1
   9              		.eabi_attribute 26, 1
  10              		.eabi_attribute 30, 1
  11              		.eabi_attribute 34, 1
  12              		.eabi_attribute 18, 4
  13              		.file	"main.c"
  14              		.text
  15              	.Ltext0:
  16              		.cfi_sections	.debug_frame
  17              		.section	.text.SystemClock_Config,"ax",%progbits
  18              		.align	1
  19              		.global	SystemClock_Config
  20              		.arch armv7e-m
  21              		.syntax unified
  22              		.thumb
  23              		.thumb_func
  24              		.fpu fpv4-sp-d16
  26              	SystemClock_Config:
  27              	.LFB131:
  28              		.file 1 "Src/main.c"
   1:Src/main.c    **** /* USER CODE BEGIN Header */
   2:Src/main.c    **** /**
   3:Src/main.c    ****   ******************************************************************************
   4:Src/main.c    ****   * @file           : main.c
   5:Src/main.c    ****   * @brief          : Main program body
   6:Src/main.c    ****   ******************************************************************************
   7:Src/main.c    ****   * @attention
   8:Src/main.c    ****   *
   9:Src/main.c    ****   * <h2><center>&copy; Copyright (c) 2020 STMicroelectronics.
  10:Src/main.c    ****   * All rights reserved.</center></h2>
  11:Src/main.c    ****   *
  12:Src/main.c    ****   * This software component is licensed by ST under BSD 3-Clause license,
  13:Src/main.c    ****   * the "License"; You may not use this file except in compliance with the
  14:Src/main.c    ****   * License. You may obtain a copy of the License at:
  15:Src/main.c    ****   *                        opensource.org/licenses/BSD-3-Clause
  16:Src/main.c    ****   *
  17:Src/main.c    ****   ******************************************************************************
  18:Src/main.c    ****   */
  19:Src/main.c    **** /* USER CODE END Header */
  20:Src/main.c    **** /* Includes ------------------------------------------------------------------*/
  21:Src/main.c    **** #include "main.h"
  22:Src/main.c    **** #include "gpio.h"
  23:Src/main.c    **** 
  24:Src/main.c    **** /* Private includes ----------------------------------------------------------*/
  25:Src/main.c    **** /* USER CODE BEGIN Includes */
  26:Src/main.c    **** 
  27:Src/main.c    **** /* USER CODE END Includes */
  28:Src/main.c    **** 
  29:Src/main.c    **** /* Private typedef -----------------------------------------------------------*/
  30:Src/main.c    **** /* USER CODE BEGIN PTD */
ARM GAS  C:\Users\ADMINI~1\AppData\Local\Temp\cc3ldiNU.s 			page 2


  31:Src/main.c    **** 
  32:Src/main.c    **** /* USER CODE END PTD */
  33:Src/main.c    **** 
  34:Src/main.c    **** /* Private define ------------------------------------------------------------*/
  35:Src/main.c    **** /* USER CODE BEGIN PD */
  36:Src/main.c    **** /* USER CODE END PD */
  37:Src/main.c    **** 
  38:Src/main.c    **** /* Private macro -------------------------------------------------------------*/
  39:Src/main.c    **** /* USER CODE BEGIN PM */
  40:Src/main.c    **** 
  41:Src/main.c    **** /* USER CODE END PM */
  42:Src/main.c    **** 
  43:Src/main.c    **** /* Private variables ---------------------------------------------------------*/
  44:Src/main.c    **** 
  45:Src/main.c    **** /* USER CODE BEGIN PV */
  46:Src/main.c    **** 
  47:Src/main.c    **** /* USER CODE END PV */
  48:Src/main.c    **** 
  49:Src/main.c    **** /* Private function prototypes -----------------------------------------------*/
  50:Src/main.c    **** void SystemClock_Config(void);
  51:Src/main.c    **** /* USER CODE BEGIN PFP */
  52:Src/main.c    **** 
  53:Src/main.c    **** /* USER CODE END PFP */
  54:Src/main.c    **** 
  55:Src/main.c    **** /* Private user code ---------------------------------------------------------*/
  56:Src/main.c    **** /* USER CODE BEGIN 0 */
  57:Src/main.c    **** 
  58:Src/main.c    **** /* USER CODE END 0 */
  59:Src/main.c    **** 
  60:Src/main.c    **** /**
  61:Src/main.c    ****   * @brief  The application entry point.
  62:Src/main.c    ****   * @retval int
  63:Src/main.c    ****   */
  64:Src/main.c    **** int main(void)
  65:Src/main.c    **** {
  66:Src/main.c    ****   
  67:Src/main.c    ****   /* USER CODE BEGIN 1 */
  68:Src/main.c    **** 
  69:Src/main.c    ****   /* USER CODE END 1 */
  70:Src/main.c    **** 
  71:Src/main.c    ****   /* MCU Configuration--------------------------------------------------------*/
  72:Src/main.c    **** 
  73:Src/main.c    ****   /* Reset of all peripherals, Initializes the Flash interface and the Systick. */
  74:Src/main.c    ****   HAL_Init();
  75:Src/main.c    **** 
  76:Src/main.c    ****   /* USER CODE BEGIN Init */
  77:Src/main.c    **** 
  78:Src/main.c    ****   /* USER CODE END Init */
  79:Src/main.c    **** 
  80:Src/main.c    ****   /* Configure the system clock */
  81:Src/main.c    ****   SystemClock_Config();
  82:Src/main.c    **** 
  83:Src/main.c    ****   /* USER CODE BEGIN SysInit */
  84:Src/main.c    **** 
  85:Src/main.c    ****   /* USER CODE END SysInit */
  86:Src/main.c    **** 
  87:Src/main.c    ****   /* Initialize all configured peripherals */
ARM GAS  C:\Users\ADMINI~1\AppData\Local\Temp\cc3ldiNU.s 			page 3


  88:Src/main.c    ****   MX_GPIO_Init();
  89:Src/main.c    ****   /* USER CODE BEGIN 2 */
  90:Src/main.c    **** 
  91:Src/main.c    ****   /* USER CODE END 2 */
  92:Src/main.c    **** 
  93:Src/main.c    ****   /* Infinite loop */
  94:Src/main.c    ****   /* USER CODE BEGIN WHILE */
  95:Src/main.c    ****   while (1)
  96:Src/main.c    ****   {
  97:Src/main.c    ****     /* USER CODE END WHILE */
  98:Src/main.c    **** HAL_GPIO_TogglePin(LED_GPIO_Port,LED_Pin);
  99:Src/main.c    **** 
 100:Src/main.c    **** HAL_Delay(50);
 101:Src/main.c    ****     /* USER CODE BEGIN 3 */
 102:Src/main.c    ****   }
 103:Src/main.c    ****   /* USER CODE END 3 */
 104:Src/main.c    **** }
 105:Src/main.c    **** 
 106:Src/main.c    **** /**
 107:Src/main.c    ****   * @brief System Clock Configuration
 108:Src/main.c    ****   * @retval None
 109:Src/main.c    ****   */
 110:Src/main.c    **** void SystemClock_Config(void)
 111:Src/main.c    **** {
  29              		.loc 1 111 1 view -0
  30              		.cfi_startproc
  31              		@ args = 0, pretend = 0, frame = 80
  32              		@ frame_needed = 0, uses_anonymous_args = 0
  33 0000 30B5     		push	{r4, r5, lr}
  34              	.LCFI0:
  35              		.cfi_def_cfa_offset 12
  36              		.cfi_offset 4, -12
  37              		.cfi_offset 5, -8
  38              		.cfi_offset 14, -4
  39 0002 95B0     		sub	sp, sp, #84
  40              	.LCFI1:
  41              		.cfi_def_cfa_offset 96
 112:Src/main.c    ****   RCC_OscInitTypeDef RCC_OscInitStruct = {0};
  42              		.loc 1 112 3 view .LVU1
  43              		.loc 1 112 22 is_stmt 0 view .LVU2
  44 0004 3022     		movs	r2, #48
  45 0006 0021     		movs	r1, #0
  46 0008 08A8     		add	r0, sp, #32
  47 000a FFF7FEFF 		bl	memset
  48              	.LVL0:
 113:Src/main.c    ****   RCC_ClkInitTypeDef RCC_ClkInitStruct = {0};
  49              		.loc 1 113 3 is_stmt 1 view .LVU3
  50              		.loc 1 113 22 is_stmt 0 view .LVU4
  51 000e 0024     		movs	r4, #0
  52 0010 0394     		str	r4, [sp, #12]
  53 0012 0494     		str	r4, [sp, #16]
  54 0014 0594     		str	r4, [sp, #20]
  55 0016 0694     		str	r4, [sp, #24]
  56 0018 0794     		str	r4, [sp, #28]
 114:Src/main.c    **** 
 115:Src/main.c    ****   /** Configure the main internal regulator output voltage
 116:Src/main.c    ****   */
ARM GAS  C:\Users\ADMINI~1\AppData\Local\Temp\cc3ldiNU.s 			page 4


 117:Src/main.c    ****   __HAL_RCC_PWR_CLK_ENABLE();
  57              		.loc 1 117 3 is_stmt 1 view .LVU5
  58              	.LBB2:
  59              		.loc 1 117 3 view .LVU6
  60 001a 0194     		str	r4, [sp, #4]
  61              		.loc 1 117 3 view .LVU7
  62 001c 1A4B     		ldr	r3, .L3
  63 001e 1A6C     		ldr	r2, [r3, #64]
  64 0020 42F08052 		orr	r2, r2, #268435456
  65 0024 1A64     		str	r2, [r3, #64]
  66              		.loc 1 117 3 view .LVU8
  67 0026 1B6C     		ldr	r3, [r3, #64]
  68 0028 03F08053 		and	r3, r3, #268435456
  69 002c 0193     		str	r3, [sp, #4]
  70              		.loc 1 117 3 view .LVU9
  71 002e 019B     		ldr	r3, [sp, #4]
  72              	.LBE2:
  73              		.loc 1 117 3 view .LVU10
 118:Src/main.c    ****   __HAL_PWR_VOLTAGESCALING_CONFIG(PWR_REGULATOR_VOLTAGE_SCALE1);
  74              		.loc 1 118 3 view .LVU11
  75              	.LBB3:
  76              		.loc 1 118 3 view .LVU12
  77 0030 0294     		str	r4, [sp, #8]
  78              		.loc 1 118 3 view .LVU13
  79 0032 164B     		ldr	r3, .L3+4
  80 0034 1A68     		ldr	r2, [r3]
  81 0036 42F44042 		orr	r2, r2, #49152
  82 003a 1A60     		str	r2, [r3]
  83              		.loc 1 118 3 view .LVU14
  84 003c 1B68     		ldr	r3, [r3]
  85 003e 03F44043 		and	r3, r3, #49152
  86 0042 0293     		str	r3, [sp, #8]
  87              		.loc 1 118 3 view .LVU15
  88 0044 029B     		ldr	r3, [sp, #8]
  89              	.LBE3:
  90              		.loc 1 118 3 view .LVU16
 119:Src/main.c    ****   /** Initializes the RCC Oscillators according to the specified parameters
 120:Src/main.c    ****   * in the RCC_OscInitTypeDef structure.
 121:Src/main.c    ****   */
 122:Src/main.c    ****   RCC_OscInitStruct.OscillatorType = RCC_OSCILLATORTYPE_HSI;
  91              		.loc 1 122 3 view .LVU17
  92              		.loc 1 122 36 is_stmt 0 view .LVU18
  93 0046 0225     		movs	r5, #2
  94 0048 0895     		str	r5, [sp, #32]
 123:Src/main.c    ****   RCC_OscInitStruct.HSIState = RCC_HSI_ON;
  95              		.loc 1 123 3 is_stmt 1 view .LVU19
  96              		.loc 1 123 30 is_stmt 0 view .LVU20
  97 004a 0123     		movs	r3, #1
  98 004c 0B93     		str	r3, [sp, #44]
 124:Src/main.c    ****   RCC_OscInitStruct.HSICalibrationValue = RCC_HSICALIBRATION_DEFAULT;
  99              		.loc 1 124 3 is_stmt 1 view .LVU21
 100              		.loc 1 124 41 is_stmt 0 view .LVU22
 101 004e 1023     		movs	r3, #16
 102 0050 0C93     		str	r3, [sp, #48]
 125:Src/main.c    ****   RCC_OscInitStruct.PLL.PLLState = RCC_PLL_ON;
 103              		.loc 1 125 3 is_stmt 1 view .LVU23
 104              		.loc 1 125 34 is_stmt 0 view .LVU24
ARM GAS  C:\Users\ADMINI~1\AppData\Local\Temp\cc3ldiNU.s 			page 5


 105 0052 0E95     		str	r5, [sp, #56]
 126:Src/main.c    ****   RCC_OscInitStruct.PLL.PLLSource = RCC_PLLSOURCE_HSI;
 106              		.loc 1 126 3 is_stmt 1 view .LVU25
 107              		.loc 1 126 35 is_stmt 0 view .LVU26
 108 0054 0F94     		str	r4, [sp, #60]
 127:Src/main.c    ****   RCC_OscInitStruct.PLL.PLLM = 8;
 109              		.loc 1 127 3 is_stmt 1 view .LVU27
 110              		.loc 1 127 30 is_stmt 0 view .LVU28
 111 0056 0823     		movs	r3, #8
 112 0058 1093     		str	r3, [sp, #64]
 128:Src/main.c    ****   RCC_OscInitStruct.PLL.PLLN = 100;
 113              		.loc 1 128 3 is_stmt 1 view .LVU29
 114              		.loc 1 128 30 is_stmt 0 view .LVU30
 115 005a 6423     		movs	r3, #100
 116 005c 1193     		str	r3, [sp, #68]
 129:Src/main.c    ****   RCC_OscInitStruct.PLL.PLLP = RCC_PLLP_DIV2;
 117              		.loc 1 129 3 is_stmt 1 view .LVU31
 118              		.loc 1 129 30 is_stmt 0 view .LVU32
 119 005e 1295     		str	r5, [sp, #72]
 130:Src/main.c    ****   RCC_OscInitStruct.PLL.PLLQ = 4;
 120              		.loc 1 130 3 is_stmt 1 view .LVU33
 121              		.loc 1 130 30 is_stmt 0 view .LVU34
 122 0060 0423     		movs	r3, #4
 123 0062 1393     		str	r3, [sp, #76]
 131:Src/main.c    ****   if (HAL_RCC_OscConfig(&RCC_OscInitStruct) != HAL_OK)
 124              		.loc 1 131 3 is_stmt 1 view .LVU35
 125              		.loc 1 131 7 is_stmt 0 view .LVU36
 126 0064 08A8     		add	r0, sp, #32
 127 0066 FFF7FEFF 		bl	HAL_RCC_OscConfig
 128              	.LVL1:
 132:Src/main.c    ****   {
 133:Src/main.c    ****     Error_Handler();
 134:Src/main.c    ****   }
 135:Src/main.c    ****   /** Initializes the CPU, AHB and APB buses clocks
 136:Src/main.c    ****   */
 137:Src/main.c    ****   RCC_ClkInitStruct.ClockType = RCC_CLOCKTYPE_HCLK|RCC_CLOCKTYPE_SYSCLK
 129              		.loc 1 137 3 is_stmt 1 view .LVU37
 130              		.loc 1 137 31 is_stmt 0 view .LVU38
 131 006a 0F23     		movs	r3, #15
 132 006c 0393     		str	r3, [sp, #12]
 138:Src/main.c    ****                               |RCC_CLOCKTYPE_PCLK1|RCC_CLOCKTYPE_PCLK2;
 139:Src/main.c    ****   RCC_ClkInitStruct.SYSCLKSource = RCC_SYSCLKSOURCE_PLLCLK;
 133              		.loc 1 139 3 is_stmt 1 view .LVU39
 134              		.loc 1 139 34 is_stmt 0 view .LVU40
 135 006e 0495     		str	r5, [sp, #16]
 140:Src/main.c    ****   RCC_ClkInitStruct.AHBCLKDivider = RCC_SYSCLK_DIV1;
 136              		.loc 1 140 3 is_stmt 1 view .LVU41
 137              		.loc 1 140 35 is_stmt 0 view .LVU42
 138 0070 0594     		str	r4, [sp, #20]
 141:Src/main.c    ****   RCC_ClkInitStruct.APB1CLKDivider = RCC_HCLK_DIV2;
 139              		.loc 1 141 3 is_stmt 1 view .LVU43
 140              		.loc 1 141 36 is_stmt 0 view .LVU44
 141 0072 4FF48053 		mov	r3, #4096
 142 0076 0693     		str	r3, [sp, #24]
 142:Src/main.c    ****   RCC_ClkInitStruct.APB2CLKDivider = RCC_HCLK_DIV1;
 143              		.loc 1 142 3 is_stmt 1 view .LVU45
 144              		.loc 1 142 36 is_stmt 0 view .LVU46
ARM GAS  C:\Users\ADMINI~1\AppData\Local\Temp\cc3ldiNU.s 			page 6


 145 0078 0794     		str	r4, [sp, #28]
 143:Src/main.c    **** 
 144:Src/main.c    ****   if (HAL_RCC_ClockConfig(&RCC_ClkInitStruct, FLASH_LATENCY_3) != HAL_OK)
 146              		.loc 1 144 3 is_stmt 1 view .LVU47
 147              		.loc 1 144 7 is_stmt 0 view .LVU48
 148 007a 0321     		movs	r1, #3
 149 007c 03A8     		add	r0, sp, #12
 150 007e FFF7FEFF 		bl	HAL_RCC_ClockConfig
 151              	.LVL2:
 145:Src/main.c    ****   {
 146:Src/main.c    ****     Error_Handler();
 147:Src/main.c    ****   }
 148:Src/main.c    **** }
 152              		.loc 1 148 1 view .LVU49
 153 0082 15B0     		add	sp, sp, #84
 154              	.LCFI2:
 155              		.cfi_def_cfa_offset 12
 156              		@ sp needed
 157 0084 30BD     		pop	{r4, r5, pc}
 158              	.L4:
 159 0086 00BF     		.align	2
 160              	.L3:
 161 0088 00380240 		.word	1073887232
 162 008c 00700040 		.word	1073770496
 163              		.cfi_endproc
 164              	.LFE131:
 166              		.section	.text.main,"ax",%progbits
 167              		.align	1
 168              		.global	main
 169              		.syntax unified
 170              		.thumb
 171              		.thumb_func
 172              		.fpu fpv4-sp-d16
 174              	main:
 175              	.LFB130:
  65:Src/main.c    ****   
 176              		.loc 1 65 1 is_stmt 1 view -0
 177              		.cfi_startproc
 178              		@ Volatile: function does not return.
 179              		@ args = 0, pretend = 0, frame = 0
 180              		@ frame_needed = 0, uses_anonymous_args = 0
 181 0000 08B5     		push	{r3, lr}
 182              	.LCFI3:
 183              		.cfi_def_cfa_offset 8
 184              		.cfi_offset 3, -8
 185              		.cfi_offset 14, -4
  74:Src/main.c    **** 
 186              		.loc 1 74 3 view .LVU51
 187 0002 FFF7FEFF 		bl	HAL_Init
 188              	.LVL3:
  81:Src/main.c    **** 
 189              		.loc 1 81 3 view .LVU52
 190 0006 FFF7FEFF 		bl	SystemClock_Config
 191              	.LVL4:
  88:Src/main.c    ****   /* USER CODE BEGIN 2 */
 192              		.loc 1 88 3 view .LVU53
 193 000a FFF7FEFF 		bl	MX_GPIO_Init
ARM GAS  C:\Users\ADMINI~1\AppData\Local\Temp\cc3ldiNU.s 			page 7


 194              	.LVL5:
 195              	.L6:
  95:Src/main.c    ****   {
 196              		.loc 1 95 3 discriminator 1 view .LVU54
  98:Src/main.c    **** 
 197              		.loc 1 98 1 discriminator 1 view .LVU55
 198 000e 4FF40051 		mov	r1, #8192
 199 0012 0348     		ldr	r0, .L8
 200 0014 FFF7FEFF 		bl	HAL_GPIO_TogglePin
 201              	.LVL6:
 100:Src/main.c    ****     /* USER CODE BEGIN 3 */
 202              		.loc 1 100 1 discriminator 1 view .LVU56
 203 0018 3220     		movs	r0, #50
 204 001a FFF7FEFF 		bl	HAL_Delay
 205              	.LVL7:
  95:Src/main.c    ****   {
 206              		.loc 1 95 9 discriminator 1 view .LVU57
 207 001e F6E7     		b	.L6
 208              	.L9:
 209              		.align	2
 210              	.L8:
 211 0020 00080240 		.word	1073874944
 212              		.cfi_endproc
 213              	.LFE130:
 215              		.section	.text.Error_Handler,"ax",%progbits
 216              		.align	1
 217              		.global	Error_Handler
 218              		.syntax unified
 219              		.thumb
 220              		.thumb_func
 221              		.fpu fpv4-sp-d16
 223              	Error_Handler:
 224              	.LFB132:
 149:Src/main.c    **** 
 150:Src/main.c    **** /* USER CODE BEGIN 4 */
 151:Src/main.c    **** 
 152:Src/main.c    **** /* USER CODE END 4 */
 153:Src/main.c    **** 
 154:Src/main.c    **** /**
 155:Src/main.c    ****   * @brief  This function is executed in case of error occurrence.
 156:Src/main.c    ****   * @retval None
 157:Src/main.c    ****   */
 158:Src/main.c    **** void Error_Handler(void)
 159:Src/main.c    **** {
 225              		.loc 1 159 1 view -0
 226              		.cfi_startproc
 227              		@ args = 0, pretend = 0, frame = 0
 228              		@ frame_needed = 0, uses_anonymous_args = 0
 229              		@ link register save eliminated.
 160:Src/main.c    ****   /* USER CODE BEGIN Error_Handler_Debug */
 161:Src/main.c    ****   /* User can add his own implementation to report the HAL error return state */
 162:Src/main.c    **** 
 163:Src/main.c    ****   /* USER CODE END Error_Handler_Debug */
 164:Src/main.c    **** }
 230              		.loc 1 164 1 view .LVU59
 231 0000 7047     		bx	lr
 232              		.cfi_endproc
ARM GAS  C:\Users\ADMINI~1\AppData\Local\Temp\cc3ldiNU.s 			page 8


 233              	.LFE132:
 235              		.text
 236              	.Letext0:
 237              		.file 2 "c:\\users\\administrator\\.vscode\\extensions\\buzzyelectronics.stm-helper-1.2.9\\armgcc\
 238              		.file 3 "c:\\users\\administrator\\.vscode\\extensions\\buzzyelectronics.stm-helper-1.2.9\\armgcc\
 239              		.file 4 "Drivers/CMSIS/Include/core_cm4.h"
 240              		.file 5 "Drivers/CMSIS/Device/ST/STM32F4xx/Include/system_stm32f4xx.h"
 241              		.file 6 "Drivers/CMSIS/Device/ST/STM32F4xx/Include/stm32f411xe.h"
 242              		.file 7 "Drivers/STM32F4xx_HAL_Driver/Inc/stm32f4xx_hal_rcc_ex.h"
 243              		.file 8 "Drivers/STM32F4xx_HAL_Driver/Inc/stm32f4xx_hal_rcc.h"
 244              		.file 9 "Drivers/STM32F4xx_HAL_Driver/Inc/stm32f4xx_hal_def.h"
 245              		.file 10 "Drivers/STM32F4xx_HAL_Driver/Inc/stm32f4xx_hal.h"
 246              		.file 11 "Inc/gpio.h"
 247              		.file 12 "Drivers/STM32F4xx_HAL_Driver/Inc/stm32f4xx_hal_gpio.h"
 248              		.file 13 "<built-in>"
ARM GAS  C:\Users\ADMINI~1\AppData\Local\Temp\cc3ldiNU.s 			page 9


DEFINED SYMBOLS
                            *ABS*:0000000000000000 main.c
C:\Users\ADMINI~1\AppData\Local\Temp\cc3ldiNU.s:18     .text.SystemClock_Config:0000000000000000 $t
C:\Users\ADMINI~1\AppData\Local\Temp\cc3ldiNU.s:26     .text.SystemClock_Config:0000000000000000 SystemClock_Config
C:\Users\ADMINI~1\AppData\Local\Temp\cc3ldiNU.s:161    .text.SystemClock_Config:0000000000000088 $d
C:\Users\ADMINI~1\AppData\Local\Temp\cc3ldiNU.s:167    .text.main:0000000000000000 $t
C:\Users\ADMINI~1\AppData\Local\Temp\cc3ldiNU.s:174    .text.main:0000000000000000 main
C:\Users\ADMINI~1\AppData\Local\Temp\cc3ldiNU.s:211    .text.main:0000000000000020 $d
C:\Users\ADMINI~1\AppData\Local\Temp\cc3ldiNU.s:216    .text.Error_Handler:0000000000000000 $t
C:\Users\ADMINI~1\AppData\Local\Temp\cc3ldiNU.s:223    .text.Error_Handler:0000000000000000 Error_Handler

UNDEFINED SYMBOLS
memset
HAL_RCC_OscConfig
HAL_RCC_ClockConfig
HAL_Init
MX_GPIO_Init
HAL_GPIO_TogglePin
HAL_Delay
